<?xml version="1.0" encoding="UTF-8"?>
<!-- Generated by org.testng.reporters.JUnitXMLReporter -->
<testsuite ignored="1" hostname="user1" failures="1" tests="1" name="Default test(failed)" time="7.066" errors="0" timestamp="2025-04-02T14:59:06 IST">
  <testcase classname="testScripts.BookSearchTest" name="storiesSearch" time="0.136">
    <failure type="java.lang.AssertionError" message="expected [true] but found [false]">
      <![CDATA[java.lang.AssertionError: expected [true] but found [false]
at testScripts.BookSearchTest.storiesSearch(BookSearchTest.java:34)
at java.base/java.util.ArrayList.forEach(ArrayList.java:1511)
... Removed 31 stack frames]]>
    </failure>
  </testcase> <!-- storiesSearch -->
  <testcase classname="testScripts.BookSearchTest" name="crimeNovelSearch" time="0.0">
    <ignored/>
  </testcase> <!-- crimeNovelSearch -->
</testsuite> <!-- Default test(failed) -->
