<?xml version="1.0" encoding="UTF-8"?>
<!-- Generated by org.testng.reporters.JUnitXMLReporter -->
<testsuite ignored="0" hostname="user1" failures="1" tests="19" name="SampleTest" time="183.977" errors="0" timestamp="2025-04-01T17:14:53 IST">
  <testcase classname="testScripts.DropDownTest" name="selectValue" time="6.7"/>
  <testcase classname="testScripts.JSExecTest" name="test" time="5.984"/>
  <testcase classname="testScripts.WebTableTest" name="practice" time="10.624"/>
  <testcase classname="testScripts.AutoCcompleteTest" name="autoCompleteTest" time="32.442"/>
  <testcase classname="testScripts.RadioChkBoxTest" name="selectRadioTest" time="4.398"/>
  <testcase classname="testScripts.ShadowDOMTest" name="shadowDOM" time="5.855"/>
  <testcase classname="testScripts.DisplayTest" name="automationBookStore" time="9.577"/>
  <testcase classname="testScripts.ToolTipTest" name="toolTip" time="6.701"/>
  <testcase classname="testScripts.WinPopupTest" name="winPop" time="21.179"/>
  <testcase classname="testScripts.NewTest" name="f" time="0.002"/>
  <testcase classname="testScripts.GooglePageTest" name="seleniumSearch" time="7.672"/>
  <testcase classname="testScripts.DownloadTest" name="fileDownload" time="9.186"/>
  <testcase classname="testScripts.PageLoadTest" name="pageLoadTest" time="11.98"/>
  <testcase classname="testScripts.AlertTest" name="variousAlerts" time="6.873"/>
  <testcase classname="testScripts.RelativeLocatorTest" name="relativeLoc" time="3.889"/>
  <testcase classname="testScripts.UploadFileTest" name="uploadFile" time="2.802"/>
  <testcase classname="testScripts.ExpWaitTest" name="waitTest" time="18.998">
    <failure type="org.openqa.selenium.TimeoutException" message="Expected condition failed: waiting for text (&amp;apos;Data loaded with AJAX get request.&amp;apos;) to be present in element [[ChromeDriver: chrome on windows (0a7f386de97f9c4b35842d4ebc12a3fd)] -&amp;gt; css selector: div#content] (tried for 15 second(s) with 500 milliseconds interval)
Build info: version: &amp;apos;4.22.0&amp;apos;, revision: &amp;apos;c5f3146703*&amp;apos;
System info: os.name: &amp;apos;Windows 10&amp;apos;, os.arch: &amp;apos;amd64&amp;apos;, os.version: &amp;apos;10.0&amp;apos;, java.version: &amp;apos;17.0.9&amp;apos;
Driver info: org.openqa.selenium.chrome.ChromeDriver
Capabilities {acceptInsecureCerts: false, browserName: chrome, browserVersion: 134.0.6998.178, chrome: {chromedriverVersion: 134.0.6998.165 (fd886e2cb29..., userDataDir: C:\Windows\SystemTemp\scope...}, fedcm:accounts: true, goog:chromeOptions: {debuggerAddress: localhost:59732}, networkConnectionEnabled: false, pageLoadStrategy: normal, platformName: windows, proxy: Proxy(), se:cdp: ws://localhost:59732/devtoo..., se:cdpVersion: 134.0.6998.178, setWindowRect: true, strictFileInteractability: false, timeouts: {implicit: 0, pageLoad: 300000, script: 30000}, unhandledPromptBehavior: dismiss and notify, webauthn:extension:credBlob: true, webauthn:extension:largeBlob: true, webauthn:extension:minPinLength: true, webauthn:extension:prf: true, webauthn:virtualAuthenticators: true}
Session ID: 0a7f386de97f9c4b35842d4ebc12a3fd">
      <![CDATA[org.openqa.selenium.TimeoutException: Expected condition failed: waiting for text ('Data loaded with AJAX get request.') to be present in element [[ChromeDriver: chrome on windows (0a7f386de97f9c4b35842d4ebc12a3fd)] -> css selector: div#content] (tried for 15 second(s) with 500 milliseconds interval)
Build info: version: '4.22.0', revision: 'c5f3146703*'
System info: os.name: 'Windows 10', os.arch: 'amd64', os.version: '10.0', java.version: '17.0.9'
Driver info: org.openqa.selenium.chrome.ChromeDriver
Capabilities {acceptInsecureCerts: false, browserName: chrome, browserVersion: 134.0.6998.178, chrome: {chromedriverVersion: 134.0.6998.165 (fd886e2cb29..., userDataDir: C:\Windows\SystemTemp\scope...}, fedcm:accounts: true, goog:chromeOptions: {debuggerAddress: localhost:59732}, networkConnectionEnabled: false, pageLoadStrategy: normal, platformName: windows, proxy: Proxy(), se:cdp: ws://localhost:59732/devtoo..., se:cdpVersion: 134.0.6998.178, setWindowRect: true, strictFileInteractability: false, timeouts: {implicit: 0, pageLoad: 300000, script: 30000}, unhandledPromptBehavior: dismiss and notify, webauthn:extension:credBlob: true, webauthn:extension:largeBlob: true, webauthn:extension:minPinLength: true, webauthn:extension:prf: true, webauthn:virtualAuthenticators: true}
Session ID: 0a7f386de97f9c4b35842d4ebc12a3fd
at org.openqa.selenium.support.ui.WebDriverWait.timeoutException(WebDriverWait.java:84)
at org.openqa.selenium.support.ui.FluentWait.until(FluentWait.java:228)
at testScripts.ExpWaitTest.waitTest(ExpWaitTest.java:19)
at java.base/java.util.ArrayList.forEach(ArrayList.java:1511)
... Removed 27 stack frames]]>
    </failure>
  </testcase> <!-- waitTest -->
  <testcase classname="testScripts.DynamicElementTest" name="dynamicElement" time="8.397"/>
  <testcase classname="testScripts.MouseActionsTest" name="MouseActions" time="10.501"/>
</testsuite> <!-- SampleTest -->
